<?xml version="1.0" encoding="UTF-8"?>
<!-- Generated by org.testng.reporters.JUnitXMLReporter -->
<testsuite ignored="0" hostname="ITOPSs-MacBook-Pro-5.local" failures="0" tests="2" name="Sauce Tests" time="7.12" errors="0" timestamp="02 Aug 2023 05:51:27 GMT">
  <testcase classname="cucumber.api.testng.AbstractTestNGCucumberTests" name="runScenario" time="6.643"/>
  <testcase classname="cucumber.api.testng.AbstractTestNGCucumberTests" name="runScenario" time="0.36"/>
</testsuite> <!-- Sauce Tests -->
