<?xml version="1.0" encoding="UTF-8"?>
<testng-results ignored="0" total="2" passed="2" failed="0" skipped="0">
  <reporter-output>
  </reporter-output>
  <suite started-at="2023-08-02T05:51:20Z" name="Sauce Test Suite" finished-at="2023-08-02T05:51:27Z" duration-ms="7120">
    <groups>
      <group name="cucumber">
        <method signature="AbstractTestNGCucumberTests.runScenario(cucumber.api.testng.PickleEventWrapper, cucumber.api.testng.CucumberFeatureWrapper)[pri:0, instance:Runner.WebRunner@36ddaebf]" name="runScenario" class="cucumber.api.testng.AbstractTestNGCucumberTests"/>
      </group> <!-- cucumber -->
    </groups>
    <test started-at="2023-08-02T05:51:20Z" name="Sauce Tests" finished-at="2023-08-02T05:51:27Z" duration-ms="7120">
      <class name="Runner.WebRunner">
        <test-method is-config="true" signature="setUpClass()[pri:0, instance:Runner.WebRunner@36ddaebf]" started-at="2023-08-02T05:51:20Z" name="setUpClass" finished-at="2023-08-02T05:51:20Z" duration-ms="70" status="PASS">
          <reporter-output>
          </reporter-output>
        </test-method> <!-- setUpClass -->
        <test-method signature="runScenario(cucumber.api.testng.PickleEventWrapper, cucumber.api.testng.CucumberFeatureWrapper)[pri:0, instance:Runner.WebRunner@36ddaebf]" started-at="2023-08-02T05:51:20Z" name="runScenario" description="Runs Cucumber Scenarios" data-provider="scenarios" finished-at="2023-08-02T05:51:26Z" duration-ms="6643" status="PASS">
          <params>
            <param index="0">
              <value>
                <![CDATA["Successful login with valid credentials"]]>
              </value>
            </param>
            <param index="1">
              <value>
                <![CDATA["Successful Login to Sauce Website"]]>
              </value>
            </param>
          </params>
          <reporter-output>
          </reporter-output>
        </test-method> <!-- runScenario -->
        <test-method signature="runScenario(cucumber.api.testng.PickleEventWrapper, cucumber.api.testng.CucumberFeatureWrapper)[pri:0, instance:Runner.WebRunner@36ddaebf]" started-at="2023-08-02T05:51:26Z" name="runScenario" description="Runs Cucumber Scenarios" data-provider="scenarios" finished-at="2023-08-02T05:51:27Z" duration-ms="360" status="PASS">
          <params>
            <param index="0">
              <value>
                <![CDATA["Adding item to the cart and checking out"]]>
              </value>
            </param>
            <param index="1">
              <value>
                <![CDATA["Checkout Process"]]>
              </value>
            </param>
          </params>
          <reporter-output>
          </reporter-output>
        </test-method> <!-- runScenario -->
        <test-method is-config="true" signature="tearDownClass()[pri:0, instance:Runner.WebRunner@36ddaebf]" started-at="2023-08-02T05:51:27Z" name="tearDownClass" finished-at="2023-08-02T05:51:27Z" duration-ms="13" status="PASS">
          <reporter-output>
          </reporter-output>
        </test-method> <!-- tearDownClass -->
      </class> <!-- Runner.WebRunner -->
      <class name="Runner.BaseRunner">
        <test-method is-config="true" signature="initializeDriver()[pri:0, instance:Runner.BaseRunner@3d6a6bee]" started-at="2023-08-02T05:51:18Z" name="initializeDriver" finished-at="2023-08-02T05:51:20Z" duration-ms="1883" status="PASS">
          <reporter-output>
          </reporter-output>
        </test-method> <!-- initializeDriver -->
        <test-method is-config="true" signature="tearDown()[pri:0, instance:Runner.BaseRunner@3d6a6bee]" started-at="2023-08-02T05:51:27Z" name="tearDown" finished-at="2023-08-02T05:51:27Z" duration-ms="116" status="PASS">
          <reporter-output>
          </reporter-output>
        </test-method> <!-- tearDown -->
      </class> <!-- Runner.BaseRunner -->
    </test> <!-- Sauce Tests -->
  </suite> <!-- Sauce Test Suite -->
</testng-results>
